TN:
SF:src/app.ts
FN:20,(anonymous_1)
FN:53,(anonymous_2)
FN:73,(anonymous_3)
FN:134,(anonymous_4)
FN:137,(anonymous_5)
FN:142,(anonymous_6)
FN:144,(anonymous_7)
FN:159,(anonymous_8)
FNF:8
FNH:1
FNDA:0,(anonymous_1)
FNDA:0,(anonymous_2)
FNDA:1,(anonymous_3)
FNDA:0,(anonymous_4)
FNDA:0,(anonymous_5)
FNDA:0,(anonymous_6)
FNDA:0,(anonymous_7)
FNDA:0,(anonymous_8)
DA:1,1
DA:6,1
DA:7,1
DA:8,1
DA:9,1
DA:10,1
DA:12,1
DA:13,1
DA:16,1
DA:20,0
DA:54,0
DA:66,1
DA:68,1
DA:74,1
DA:78,1
DA:80,1
DA:126,1
DA:135,0
DA:138,0
DA:142,0
DA:145,0
DA:150,1
DA:154,1
DA:159,1
DA:160,0
DA:161,0
DA:162,0
DA:163,0
DA:164,0
DA:168,0
DA:170,0
DA:171,0
DA:175,1
LF:33
LH:19
BRDA:66,0,0,1
BRDA:66,0,1,0
BRDA:163,1,0,0
BRDA:163,1,1,0
BRDA:175,2,0,0
BRF:5
BRH:1
end_of_record
TN:
SF:src/adapters/rabbitMQ.ts
FN:22,(anonymous_0)
FN:40,(anonymous_1)
FN:47,(anonymous_2)
FNF:3
FNH:1
FNDA:1,(anonymous_0)
FNDA:0,(anonymous_1)
FNDA:0,(anonymous_2)
DA:1,2
DA:9,2
DA:13,2
DA:18,2
DA:22,2
DA:23,1
DA:24,1
DA:27,1
DA:36,0
DA:40,2
DA:41,0
DA:42,0
DA:44,0
DA:47,2
DA:48,0
LF:15
LH:10
BRF:0
BRH:0
end_of_record
TN:
SF:src/adapters/redis.ts
FN:8,(anonymous_0)
FN:17,(anonymous_1)
FN:22,(anonymous_2)
FN:31,(anonymous_3)
FN:37,(anonymous_4)
FNF:5
FNH:0
FNDA:0,(anonymous_0)
FNDA:0,(anonymous_1)
FNDA:0,(anonymous_2)
FNDA:0,(anonymous_3)
FNDA:0,(anonymous_4)
DA:2,1
DA:4,1
DA:8,1
DA:9,0
DA:17,0
DA:18,0
DA:19,0
DA:22,0
DA:23,0
DA:26,0
DA:28,0
DA:31,1
DA:32,0
DA:34,0
DA:37,1
DA:38,0
DA:40,0
DA:43,1
LF:18
LH:6
BRDA:38,0,0,0
BRF:1
BRH:0
end_of_record
TN:
SF:src/controllers/health.ts
FN:7,(anonymous_0)
FN:8,(anonymous_1)
FN:13,(anonymous_2)
FNF:3
FNH:3
FNDA:1,(anonymous_0)
FNDA:1,(anonymous_1)
FNDA:1,(anonymous_2)
DA:3,1
DA:4,1
DA:7,1
DA:8,1
DA:9,1
DA:10,1
DA:13,1
DA:17,1
DA:18,1
DA:20,1
DA:22,0
DA:23,0
DA:24,0
LF:13
LH:10
BRF:0
BRH:0
end_of_record
TN:
SF:src/controllers/notes.ts
FN:7,(anonymous_1)
FN:25,(anonymous_2)
FNF:2
FNH:0
FNDA:0,(anonymous_1)
FNDA:0,(anonymous_2)
DA:3,1
DA:4,1
DA:7,1
DA:11,0
DA:12,0
DA:14,0
DA:18,0
DA:19,0
DA:25,1
DA:29,0
DA:30,0
DA:32,0
DA:37,0
DA:38,0
LF:14
LH:4
BRF:0
BRH:0
end_of_record
TN:
SF:src/lib/logger.ts
FN:12,(anonymous_1)
FNF:1
FNH:1
FNDA:1,(anonymous_1)
DA:1,1
DA:3,1
DA:5,1
DA:7,1
DA:13,1
LF:5
LH:5
BRF:0
BRH:0
end_of_record
TN:
SF:src/lib/rabbitMQ.ts
FN:8,(anonymous_0)
FN:23,(anonymous_1)
FN:39,(anonymous_2)
FN:47,(anonymous_3)
FN:55,(anonymous_4)
FN:59,(anonymous_5)
FN:77,(anonymous_6)
FNF:7
FNH:0
FNDA:0,(anonymous_0)
FNDA:0,(anonymous_1)
FNDA:0,(anonymous_2)
FNDA:0,(anonymous_3)
FNDA:0,(anonymous_4)
FNDA:0,(anonymous_5)
FNDA:0,(anonymous_6)
DA:1,1
DA:2,1
DA:4,1
DA:8,1
DA:9,0
DA:11,0
DA:12,0
DA:13,0
DA:14,0
DA:16,0
DA:18,0
DA:19,0
DA:23,1
DA:24,0
DA:26,0
DA:27,0
DA:39,1
DA:40,0
DA:42,0
DA:43,0
DA:45,0
DA:48,0
DA:49,0
DA:55,1
DA:59,1
DA:66,0
DA:68,0
DA:71,0
DA:74,0
DA:77,1
DA:82,0
DA:84,0
DA:95,1
LF:33
LH:10
BRDA:24,0,0,0
BRDA:40,1,0,0
BRDA:48,2,0,0
BRDA:66,3,0,0
BRDA:82,4,0,0
BRF:5
BRH:0
end_of_record
TN:
SF:src/models/validators/notes.ts
FNF:0
FNH:0
DA:1,1
DA:3,1
DA:10,1
DA:17,1
LF:4
LH:4
BRF:0
BRH:0
end_of_record
TN:
SF:src/plugins/cors.ts
FN:9,(anonymous_1)
FNF:1
FNH:1
FNDA:1,(anonymous_1)
DA:1,1
DA:2,1
DA:9,1
DA:10,1
LF:4
LH:4
BRF:0
BRH:0
end_of_record
TN:
SF:src/plugins/helmet.ts
FN:9,(anonymous_1)
FNF:1
FNH:1
FNDA:1,(anonymous_1)
DA:1,1
DA:2,1
DA:9,1
DA:10,1
LF:4
LH:4
BRF:0
BRH:0
end_of_record
TN:
SF:src/plugins/sensible.ts
FN:9,(anonymous_1)
FNF:1
FNH:1
FNDA:1,(anonymous_1)
DA:1,1
DA:2,1
DA:9,1
DA:10,1
LF:4
LH:4
BRF:0
BRH:0
end_of_record
TN:
SF:src/plugins/support.ts
FN:9,(anonymous_1)
FN:10,(anonymous_2)
FNF:2
FNH:1
FNDA:1,(anonymous_1)
FNDA:0,(anonymous_2)
DA:1,1
DA:9,1
DA:10,1
LF:3
LH:3
BRF:0
BRH:0
end_of_record
TN:
SF:src/repositories/notes.ts
FN:5,(anonymous_0)
FN:15,(anonymous_1)
FNF:2
FNH:1
FNDA:2,(anonymous_0)
FNDA:0,(anonymous_1)
DA:1,3
DA:5,3
DA:10,2
DA:15,3
DA:18,0
DA:22,3
LF:6
LH:5
BRF:0
BRH:0
end_of_record
TN:
SF:src/routes/health.ts
FN:4,(anonymous_0)
FNF:1
FNH:1
FNDA:1,(anonymous_0)
DA:1,1
DA:4,1
DA:5,1
LF:3
LH:3
BRF:0
BRH:0
end_of_record
TN:
SF:src/routes/v1/notes.ts
FN:5,(anonymous_0)
FNF:1
FNH:1
FNDA:1,(anonymous_0)
DA:1,1
DA:2,1
DA:5,1
DA:6,1
DA:13,1
LF:5
LH:5
BRF:0
BRH:0
end_of_record
TN:
SF:src/services/notes.ts
FN:5,(anonymous_1)
FN:11,(anonymous_2)
FNF:2
FNH:0
FNDA:0,(anonymous_1)
FNDA:0,(anonymous_2)
DA:3,1
DA:5,1
DA:9,0
DA:11,1
DA:13,0
DA:15,1
LF:6
LH:4
BRF:0
BRH:0
end_of_record
TN:
SF:src/services/rabbitMQ.ts
FN:7,(anonymous_0)
FN:13,(anonymous_1)
FNF:2
FNH:0
FNDA:0,(anonymous_0)
FNDA:0,(anonymous_1)
DA:2,0
DA:7,0
DA:8,0
DA:10,0
DA:13,0
DA:14,0
DA:16,0
LF:7
LH:0
BRF:0
BRH:0
end_of_record
TN:
SF:src/services/redis.ts
FN:3,(anonymous_0)
FN:5,(anonymous_1)
FN:12,(anonymous_2)
FN:21,(anonymous_3)
FNF:4
FNH:2
FNDA:1,(anonymous_0)
FNDA:0,(anonymous_1)
FNDA:1,(anonymous_2)
FNDA:0,(anonymous_3)
DA:1,1
DA:3,1
DA:5,1
DA:6,0
DA:7,0
DA:9,0
DA:12,1
DA:13,1
DA:14,1
DA:18,1
DA:21,1
DA:22,0
DA:23,0
DA:25,0
DA:28,1
LF:15
LH:9
BRF:0
BRH:0
end_of_record
TN:
SF:src/utils/prisma.ts
FNF:0
FNH:0
DA:1,0
DA:3,0
LF:2
LH:0
BRF:0
BRH:0
end_of_record
